<?xml version="1.0" encoding="UTF-8"?>
<testng-results ignored="0" total="1" passed="1" failed="0" skipped="0">
  <reporter-output>
  </reporter-output>
  <suite started-at="2022-07-26T20:23:23 IST" name="Suite" finished-at="2022-07-26T20:24:17 IST" duration-ms="54444">
    <groups>
    </groups>
    <test started-at="2022-07-26T20:23:23 IST" name="Test" finished-at="2022-07-26T20:24:17 IST" duration-ms="54444">
      <class name="com.mul.mini">
        <test-method signature="setup()[pri:0, instance:com.mul.mini@5d0bf09b]" started-at="2022-07-26T20:23:23 IST" name="setup" finished-at="2022-07-26T20:24:17 IST" duration-ms="54314" status="PASS">
          <reporter-output>
          </reporter-output>
        </test-method> <!-- setup -->
      </class> <!-- com.mul.mini -->
    </test> <!-- Test -->
  </suite> <!-- Suite -->
</testng-results>
